# JRE version: Java(TM) SE Runtime Environment (17.0.12+8) (build 17.0.12+8-LTS-286)
# Java VM: Java HotSpot(TM) 64-Bit Server VM (17.0.12+8-LTS-286, mixed mode, sharing, tiered, compressed oops, compressed class ptrs, g1 gc, windows-amd64)
GC Precious Log:
 CPUs: 8 total, 8 available
 Memory: 24575M
 Large Page Support: Disabled
 NUMA Support: Disabled
 Compressed Oops: Enabled (Zero based)
 Heap Region Size: 4M
 Heap Min Capacity: 8M
 Heap Initial Capacity: 384M
 Heap Max Capacity: 6G
 Pre-touch: Disabled
 Parallel Workers: 8
 Concurrent Workers: 2
 Concurrent Refinement Workers: 8
 Periodic GC: Disabled
Heap:
 garbage-first heap   total 98304K, used 43167K [0x0000000680000000, 0x0000000800000000)
  region size 4096K, 7 young (28672K), 1 survivors (4096K)
 Metaspace       used 34849K, committed 35264K, reserved 1114112K
  class space    used 4425K, committed 4672K, reserved 1048576K
GC Heap History (18 events):
Event: 5.311 GC heap before
{Heap before GC invocations=0 (full 0):
 garbage-first heap   total 393216K, used 16384K [0x0000000680000000, 0x0000000800000000)
  region size 4096K, 5 young (20480K), 0 survivors (0K)
 Metaspace       used 6580K, committed 6784K, reserved 1114112K
  class space    used 718K, committed 832K, reserved 1048576K
}
Event: 5.344 GC heap after
{Heap after GC invocations=1 (full 0):
 garbage-first heap   total 393216K, used 8878K [0x0000000680000000, 0x0000000800000000)
  region size 4096K, 1 young (4096K), 1 survivors (4096K)
 Metaspace       used 6580K, committed 6784K, reserved 1114112K
  class space    used 718K, committed 832K, reserved 1048576K
}
Event: 5.783 GC heap before
{Heap before GC invocations=1 (full 0):
 garbage-first heap   total 393216K, used 21166K [0x0000000680000000, 0x0000000800000000)
  region size 4096K, 4 young (16384K), 1 survivors (4096K)
 Metaspace       used 7929K, committed 8128K, reserved 1114112K
  class space    used 881K, committed 960K, reserved 1048576K
}
Event: 5.786 GC heap after
{Heap after GC invocations=2 (full 0):
 garbage-first heap   total 393216K, used 9587K [0x0000000680000000, 0x0000000800000000)
  region size 4096K, 1 young (4096K), 1 survivors (4096K)
 Metaspace       used 7929K, committed 8128K, reserved 1114112K
  class space    used 881K, committed 960K, reserved 1048576K
}
Event: 7.730 GC heap before
{Heap before GC invocations=2 (full 0):
 garbage-first heap   total 393216K, used 50547K [0x0000000680000000, 0x0000000800000000)
  region size 4096K, 11 young (45056K), 1 survivors (4096K)
 Metaspace       used 18273K, committed 18560K, reserved 1114112K
  class space    used 2365K, committed 2496K, reserved 1048576K
}
Event: 7.737 GC heap after
{Heap after GC invocations=3 (full 0):
 garbage-first heap   total 393216K, used 13014K [0x0000000680000000, 0x0000000800000000)
  region size 4096K, 1 young (4096K), 1 survivors (4096K)
 Metaspace       used 18273K, committed 18560K, reserved 1114112K
  class space    used 2365K, committed 2496K, reserved 1048576K
}
Event: 8.121 GC heap before
{Heap before GC invocations=3 (full 0):
 garbage-first heap   total 393216K, used 21206K [0x0000000680000000, 0x0000000800000000)
  region size 4096K, 4 young (16384K), 1 survivors (4096K)
 Metaspace       used 21251K, committed 21504K, reserved 1114112K
  class space    used 2672K, committed 2816K, reserved 1048576K
}
Event: 8.125 GC heap after
{Heap after GC invocations=4 (full 0):
 garbage-first heap   total 393216K, used 13635K [0x0000000680000000, 0x0000000800000000)
  region size 4096K, 2 young (8192K), 2 survivors (8192K)
 Metaspace       used 21251K, committed 21504K, reserved 1114112K
  class space    used 2672K, committed 2816K, reserved 1048576K
}
Event: 22.484 GC heap before
{Heap before GC invocations=5 (full 0):
 garbage-first heap   total 98304K, used 62787K [0x0000000680000000, 0x0000000800000000)
  region size 4096K, 14 young (57344K), 2 survivors (8192K)
 Metaspace       used 24263K, committed 24576K, reserved 1114112K
  class space    used 3028K, committed 3200K, reserved 1048576K
}
Event: 22.491 GC heap after
{Heap after GC invocations=6 (full 0):
 garbage-first heap   total 98304K, used 17756K [0x0000000680000000, 0x0000000800000000)
  region size 4096K, 2 young (8192K), 2 survivors (8192K)
 Metaspace       used 24263K, committed 24576K, reserved 1114112K
  class space    used 3028K, committed 3200K, reserved 1048576K
}
Event: 22.669 GC heap before
{Heap before GC invocations=6 (full 0):
 garbage-first heap   total 98304K, used 21852K [0x0000000680000000, 0x0000000800000000)
  region size 4096K, 3 young (12288K), 2 survivors (8192K)
 Metaspace       used 24911K, committed 25216K, reserved 1114112K
  class space    used 3094K, committed 3264K, reserved 1048576K
}
Event: 22.673 GC heap after
{Heap after GC invocations=7 (full 0):
 garbage-first heap   total 98304K, used 18371K [0x0000000680000000, 0x0000000800000000)
  region size 4096K, 1 young (4096K), 1 survivors (4096K)
 Metaspace       used 24911K, committed 25216K, reserved 1114112K
  class space    used 3094K, committed 3264K, reserved 1048576K
}
Event: 29.337 GC heap before
{Heap before GC invocations=7 (full 0):
 garbage-first heap   total 98304K, used 59331K [0x0000000680000000, 0x0000000800000000)
  region size 4096K, 11 young (45056K), 1 survivors (4096K)
 Metaspace       used 27880K, committed 28224K, reserved 1114112K
  class space    used 3469K, committed 3648K, reserved 1048576K
}
Event: 29.340 GC heap after
{Heap after GC invocations=8 (full 0):
 garbage-first heap   total 98304K, used 20730K [0x0000000680000000, 0x0000000800000000)
  region size 4096K, 1 young (4096K), 1 survivors (4096K)
 Metaspace       used 27880K, committed 28224K, reserved 1114112K
  class space    used 3469K, committed 3648K, reserved 1048576K
}
Event: 35.035 GC heap before
{Heap before GC invocations=9 (full 0):
 garbage-first heap   total 98304K, used 65786K [0x0000000680000000, 0x0000000800000000)
  region size 4096K, 12 young (49152K), 1 survivors (4096K)
 Metaspace       used 31932K, committed 32256K, reserved 1114112K
  class space    used 4015K, committed 4160K, reserved 1048576K
}
Event: 35.039 GC heap after
{Heap after GC invocations=10 (full 0):
 garbage-first heap   total 98304K, used 22487K [0x0000000680000000, 0x0000000800000000)
  region size 4096K, 2 young (8192K), 2 survivors (8192K)
 Metaspace       used 31932K, committed 32256K, reserved 1114112K
  class space    used 4015K, committed 4160K, reserved 1048576K
}
Event: 35.226 GC heap before
{Heap before GC invocations=10 (full 0):
 garbage-first heap   total 98304K, used 26583K [0x0000000680000000, 0x0000000800000000)
  region size 4096K, 3 young (12288K), 2 survivors (8192K)
 Metaspace       used 32378K, committed 32704K, reserved 1114112K
  class space    used 4079K, committed 4224K, reserved 1048576K
}
Event: 35.231 GC heap after
{Heap after GC invocations=11 (full 0):
 garbage-first heap   total 98304K, used 22687K [0x0000000680000000, 0x0000000800000000)
  region size 4096K, 1 young (4096K), 1 survivors (4096K)
 Metaspace       used 32378K, committed 32704K, reserved 1114112K
  class space    used 4079K, committed 4224K, reserved 1048576K
}

