# JRE version: Java(TM) SE Runtime Environment (17.0.12+8) (build 17.0.12+8-LTS-286)
# Java VM: Java HotSpot(TM) 64-Bit Server VM (17.0.12+8-LTS-286, mixed mode, sharing, tiered, compressed oops, compressed class ptrs, g1 gc, windows-amd64)
GC Precious Log:
 CPUs: 8 total, 8 available
 Memory: 24575M
 Large Page Support: Disabled
 NUMA Support: Disabled
 Compressed Oops: Enabled (Zero based)
 Heap Region Size: 4M
 Heap Min Capacity: 8M
 Heap Initial Capacity: 384M
 Heap Max Capacity: 6G
 Pre-touch: Disabled
 Parallel Workers: 8
 Concurrent Workers: 2
 Concurrent Refinement Workers: 8
 Periodic GC: Disabled
Heap:
 garbage-first heap   total 819200K, used 349066K [0x0000000680000000, 0x0000000800000000)
  region size 4096K, 6 young (24576K), 6 survivors (24576K)
 Metaspace       used 149191K, committed 151232K, reserved 1245184K
  class space    used 17536K, committed 18624K, reserved 1048576K
GC Heap History (20 events):
Event: 3306.797 GC heap after
{Heap after GC invocations=152 (full 16):
 garbage-first heap   total 819200K, used 257924K [0x0000000680000000, 0x0000000800000000)
  region size 4096K, 0 young (0K), 0 survivors (0K)
 Metaspace       used 136106K, committed 138112K, reserved 1179648K
  class space    used 16431K, committed 17408K, reserved 1048576K
}
Event: 3338.972 GC heap before
{Heap before GC invocations=152 (full 16):
 garbage-first heap   total 819200K, used 638852K [0x0000000680000000, 0x0000000800000000)
  region size 4096K, 93 young (380928K), 0 survivors (0K)
 Metaspace       used 138272K, committed 140224K, reserved 1179648K
  class space    used 16620K, committed 17600K, reserved 1048576K
}
Event: 3338.984 GC heap after
{Heap after GC invocations=153 (full 16):
 garbage-first heap   total 819200K, used 277840K [0x0000000680000000, 0x0000000800000000)
  region size 4096K, 5 young (20480K), 5 survivors (20480K)
 Metaspace       used 138272K, committed 140224K, reserved 1179648K
  class space    used 16620K, committed 17600K, reserved 1048576K
}
Event: 3965.123 GC heap before
{Heap before GC invocations=153 (full 16):
 garbage-first heap   total 819200K, used 482640K [0x0000000680000000, 0x0000000800000000)
  region size 4096K, 56 young (229376K), 5 survivors (20480K)
 Metaspace       used 138626K, committed 140608K, reserved 1179648K
  class space    used 16638K, committed 17664K, reserved 1048576K
}
Event: 3965.284 GC heap after
{Heap after GC invocations=154 (full 17):
 garbage-first heap   total 819200K, used 273125K [0x0000000680000000, 0x0000000800000000)
  region size 4096K, 0 young (0K), 0 survivors (0K)
 Metaspace       used 138570K, committed 140608K, reserved 1179648K
  class space    used 16629K, committed 17664K, reserved 1048576K
}
Event: 3981.998 GC heap before
{Heap before GC invocations=154 (full 17):
 garbage-first heap   total 819200K, used 645861K [0x0000000680000000, 0x0000000800000000)
  region size 4096K, 92 young (376832K), 0 survivors (0K)
 Metaspace       used 140757K, committed 142784K, reserved 1179648K
  class space    used 16818K, committed 17856K, reserved 1048576K
}
Event: 3982.189 GC heap after
{Heap after GC invocations=155 (full 18):
 garbage-first heap   total 819200K, used 286550K [0x0000000680000000, 0x0000000800000000)
  region size 4096K, 0 young (0K), 0 survivors (0K)
 Metaspace       used 140701K, committed 142784K, reserved 1179648K
  class space    used 16809K, committed 17856K, reserved 1048576K
}
Event: 3985.712 GC heap before
{Heap before GC invocations=155 (full 18):
 garbage-first heap   total 819200K, used 651094K [0x0000000680000000, 0x0000000800000000)
  region size 4096K, 89 young (364544K), 0 survivors (0K)
 Metaspace       used 142895K, committed 144896K, reserved 1179648K
  class space    used 16997K, committed 18048K, reserved 1048576K
}
Event: 3985.725 GC heap after
{Heap after GC invocations=156 (full 18):
 garbage-first heap   total 819200K, used 307936K [0x0000000680000000, 0x0000000800000000)
  region size 4096K, 6 young (24576K), 6 survivors (24576K)
 Metaspace       used 142895K, committed 144896K, reserved 1179648K
  class space    used 16997K, committed 18048K, reserved 1048576K
}
Event: 3987.207 GC heap before
{Heap before GC invocations=156 (full 18):
 garbage-first heap   total 819200K, used 320224K [0x0000000680000000, 0x0000000800000000)
  region size 4096K, 10 young (40960K), 6 survivors (24576K)
 Metaspace       used 142915K, committed 144960K, reserved 1179648K
  class space    used 16998K, committed 18048K, reserved 1048576K
}
Event: 3987.391 GC heap after
{Heap after GC invocations=157 (full 19):
 garbage-first heap   total 819200K, used 300222K [0x0000000680000000, 0x0000000800000000)
  region size 4096K, 0 young (0K), 0 survivors (0K)
 Metaspace       used 142859K, committed 144960K, reserved 1179648K
  class space    used 16989K, committed 18048K, reserved 1048576K
}
Event: 3990.181 GC heap before
{Heap before GC invocations=157 (full 19):
 garbage-first heap   total 819200K, used 656574K [0x0000000680000000, 0x0000000800000000)
  region size 4096K, 87 young (356352K), 0 survivors (0K)
 Metaspace       used 145014K, committed 147008K, reserved 1179648K
  class space    used 17177K, committed 18240K, reserved 1048576K
}
Event: 3990.193 GC heap after
{Heap after GC invocations=158 (full 19):
 garbage-first heap   total 819200K, used 323090K [0x0000000680000000, 0x0000000800000000)
  region size 4096K, 6 young (24576K), 6 survivors (24576K)
 Metaspace       used 145014K, committed 147008K, reserved 1179648K
  class space    used 17177K, committed 18240K, reserved 1048576K
}
Event: 3992.808 GC heap before
{Heap before GC invocations=158 (full 19):
 garbage-first heap   total 819200K, used 343570K [0x0000000680000000, 0x0000000800000000)
  region size 4096K, 12 young (49152K), 6 survivors (24576K)
 Metaspace       used 145019K, committed 147008K, reserved 1179648K
  class space    used 17178K, committed 18240K, reserved 1048576K
}
Event: 3992.976 GC heap after
{Heap after GC invocations=159 (full 20):
 garbage-first heap   total 819200K, used 313686K [0x0000000680000000, 0x0000000800000000)
  region size 4096K, 0 young (0K), 0 survivors (0K)
 Metaspace       used 144963K, committed 147008K, reserved 1179648K
  class space    used 17169K, committed 18240K, reserved 1048576K
}
Event: 3995.793 GC heap before
{Heap before GC invocations=159 (full 20):
 garbage-first heap   total 819200K, used 665942K [0x0000000680000000, 0x0000000800000000)
  region size 4096K, 86 young (352256K), 0 survivors (0K)
 Metaspace       used 147099K, committed 149184K, reserved 1245184K
  class space    used 17357K, committed 18432K, reserved 1048576K
}
Event: 3995.806 GC heap after
{Heap after GC invocations=160 (full 20):
 garbage-first heap   total 819200K, used 336701K [0x0000000680000000, 0x0000000800000000)
  region size 4096K, 6 young (24576K), 6 survivors (24576K)
 Metaspace       used 147099K, committed 149184K, reserved 1245184K
  class space    used 17357K, committed 18432K, reserved 1048576K
}
Event: 3999.581 GC heap before
{Heap before GC invocations=160 (full 20):
 garbage-first heap   total 819200K, used 361277K [0x0000000680000000, 0x0000000800000000)
  region size 4096K, 13 young (53248K), 6 survivors (24576K)
 Metaspace       used 147119K, committed 149184K, reserved 1245184K
  class space    used 17357K, committed 18432K, reserved 1048576K
}
Event: 3999.757 GC heap after
{Heap after GC invocations=161 (full 21):
 garbage-first heap   total 819200K, used 327062K [0x0000000680000000, 0x0000000800000000)
  region size 4096K, 0 young (0K), 0 survivors (0K)
 Metaspace       used 147063K, committed 149184K, reserved 1245184K
  class space    used 17348K, committed 18432K, reserved 1048576K
}
Event: 4002.489 GC heap before
{Heap before GC invocations=161 (full 21):
 garbage-first heap   total 819200K, used 671126K [0x0000000680000000, 0x0000000800000000)
  region size 4096K, 84 young (344064K), 0 survivors (0K)
 Metaspace       used 149191K, committed 151232K, reserved 1245184K
  class space    used 17536K, committed 18624K, reserved 1048576K
}

