# JRE version: Java(TM) SE Runtime Environment (17.0.12+8) (build 17.0.12+8-LTS-286)
# Java VM: Java HotSpot(TM) 64-Bit Server VM (17.0.12+8-LTS-286, mixed mode, sharing, tiered, compressed oops, compressed class ptrs, g1 gc, windows-amd64)
GC Precious Log:
 CPUs: 8 total, 8 available
 Memory: 24575M
 Large Page Support: Disabled
 NUMA Support: Disabled
 Compressed Oops: Enabled (Zero based)
 Heap Region Size: 4M
 Heap Min Capacity: 8M
 Heap Initial Capacity: 384M
 Heap Max Capacity: 6G
 Pre-touch: Disabled
 Parallel Workers: 8
 Concurrent Workers: 2
 Concurrent Refinement Workers: 8
 Periodic GC: Disabled
Heap:
 garbage-first heap   total 118784K, used 71691K [0x0000000680000000, 0x0000000800000000)
  region size 4096K, 7 young (28672K), 1 survivors (4096K)
 Metaspace       used 86224K, committed 87040K, reserved 1179648K
  class space    used 10662K, committed 11072K, reserved 1048576K
GC Heap History (20 events):
Event: 6801.277 GC heap before
{Heap before GC invocations=228 (full 0):
 garbage-first heap   total 118784K, used 95753K [0x0000000680000000, 0x0000000800000000)
  region size 4096K, 11 young (45056K), 1 survivors (4096K)
 Metaspace       used 84022K, committed 85056K, reserved 1179648K
  class space    used 10430K, committed 10880K, reserved 1048576K
}
Event: 6801.278 GC heap after
{Heap after GC invocations=229 (full 0):
 garbage-first heap   total 118784K, used 54764K [0x0000000680000000, 0x0000000800000000)
  region size 4096K, 1 young (4096K), 1 survivors (4096K)
 Metaspace       used 84022K, committed 85056K, reserved 1179648K
  class space    used 10430K, committed 10880K, reserved 1048576K
}
Event: 6860.540 GC heap before
{Heap before GC invocations=229 (full 0):
 garbage-first heap   total 118784K, used 91628K [0x0000000680000000, 0x0000000800000000)
  region size 4096K, 11 young (45056K), 1 survivors (4096K)
 Metaspace       used 84148K, committed 85056K, reserved 1179648K
  class space    used 10434K, committed 10880K, reserved 1048576K
}
Event: 6860.541 GC heap after
{Heap after GC invocations=230 (full 0):
 garbage-first heap   total 118784K, used 55129K [0x0000000680000000, 0x0000000800000000)
  region size 4096K, 1 young (4096K), 1 survivors (4096K)
 Metaspace       used 84148K, committed 85056K, reserved 1179648K
  class space    used 10434K, committed 10880K, reserved 1048576K
}
Event: 6931.509 GC heap before
{Heap before GC invocations=230 (full 0):
 garbage-first heap   total 118784K, used 96089K [0x0000000680000000, 0x0000000800000000)
  region size 4096K, 11 young (45056K), 1 survivors (4096K)
 Metaspace       used 84185K, committed 85056K, reserved 1179648K
  class space    used 10435K, committed 10880K, reserved 1048576K
}
Event: 6931.510 GC heap after
{Heap after GC invocations=231 (full 0):
 garbage-first heap   total 118784K, used 54888K [0x0000000680000000, 0x0000000800000000)
  region size 4096K, 1 young (4096K), 1 survivors (4096K)
 Metaspace       used 84185K, committed 85056K, reserved 1179648K
  class space    used 10435K, committed 10880K, reserved 1048576K
}
Event: 6984.834 GC heap before
{Heap before GC invocations=231 (full 0):
 garbage-first heap   total 118784K, used 95848K [0x0000000680000000, 0x0000000800000000)
  region size 4096K, 11 young (45056K), 1 survivors (4096K)
 Metaspace       used 84235K, committed 85120K, reserved 1179648K
  class space    used 10435K, committed 10880K, reserved 1048576K
}
Event: 6984.835 GC heap after
{Heap after GC invocations=232 (full 0):
 garbage-first heap   total 118784K, used 54803K [0x0000000680000000, 0x0000000800000000)
  region size 4096K, 1 young (4096K), 1 survivors (4096K)
 Metaspace       used 84235K, committed 85120K, reserved 1179648K
  class space    used 10435K, committed 10880K, reserved 1048576K
}
Event: 7071.907 GC heap before
{Heap before GC invocations=232 (full 0):
 garbage-first heap   total 118784K, used 95763K [0x0000000680000000, 0x0000000800000000)
  region size 4096K, 11 young (45056K), 1 survivors (4096K)
 Metaspace       used 84235K, committed 85120K, reserved 1179648K
  class space    used 10435K, committed 10880K, reserved 1048576K
}
Event: 7071.908 GC heap after
{Heap after GC invocations=233 (full 0):
 garbage-first heap   total 118784K, used 54889K [0x0000000680000000, 0x0000000800000000)
  region size 4096K, 1 young (4096K), 1 survivors (4096K)
 Metaspace       used 84235K, committed 85120K, reserved 1179648K
  class space    used 10435K, committed 10880K, reserved 1048576K
}
Event: 7172.464 GC heap before
{Heap before GC invocations=233 (full 0):
 garbage-first heap   total 118784K, used 95849K [0x0000000680000000, 0x0000000800000000)
  region size 4096K, 11 young (45056K), 1 survivors (4096K)
 Metaspace       used 84285K, committed 85184K, reserved 1179648K
  class space    used 10435K, committed 10880K, reserved 1048576K
}
Event: 7172.465 GC heap after
{Heap after GC invocations=234 (full 0):
 garbage-first heap   total 118784K, used 55273K [0x0000000680000000, 0x0000000800000000)
  region size 4096K, 1 young (4096K), 1 survivors (4096K)
 Metaspace       used 84285K, committed 85184K, reserved 1179648K
  class space    used 10435K, committed 10880K, reserved 1048576K
}
Event: 7253.076 GC heap before
{Heap before GC invocations=234 (full 0):
 garbage-first heap   total 118784K, used 96233K [0x0000000680000000, 0x0000000800000000)
  region size 4096K, 11 young (45056K), 1 survivors (4096K)
 Metaspace       used 84285K, committed 85184K, reserved 1179648K
  class space    used 10435K, committed 10880K, reserved 1048576K
}
Event: 7253.077 GC heap after
{Heap after GC invocations=235 (full 0):
 garbage-first heap   total 118784K, used 55125K [0x0000000680000000, 0x0000000800000000)
  region size 4096K, 1 young (4096K), 1 survivors (4096K)
 Metaspace       used 84285K, committed 85184K, reserved 1179648K
  class space    used 10435K, committed 10880K, reserved 1048576K
}
Event: 7346.653 GC heap before
{Heap before GC invocations=235 (full 0):
 garbage-first heap   total 118784K, used 96085K [0x0000000680000000, 0x0000000800000000)
  region size 4096K, 11 young (45056K), 1 survivors (4096K)
 Metaspace       used 84285K, committed 85184K, reserved 1179648K
  class space    used 10435K, committed 10880K, reserved 1048576K
}
Event: 7346.654 GC heap after
{Heap after GC invocations=236 (full 0):
 garbage-first heap   total 118784K, used 55150K [0x0000000680000000, 0x0000000800000000)
  region size 4096K, 1 young (4096K), 1 survivors (4096K)
 Metaspace       used 84285K, committed 85184K, reserved 1179648K
  class space    used 10435K, committed 10880K, reserved 1048576K
}
Event: 7391.223 GC heap before
{Heap before GC invocations=236 (full 0):
 garbage-first heap   total 118784K, used 71534K [0x0000000680000000, 0x0000000800000000)
  region size 4096K, 6 young (24576K), 1 survivors (4096K)
 Metaspace       used 84403K, committed 85248K, reserved 1179648K
  class space    used 10458K, committed 10880K, reserved 1048576K
}
Event: 7391.348 GC heap after
{Heap after GC invocations=237 (full 1):
 garbage-first heap   total 118784K, used 42080K [0x0000000680000000, 0x0000000800000000)
  region size 4096K, 0 young (0K), 0 survivors (0K)
 Metaspace       used 84397K, committed 85248K, reserved 1179648K
  class space    used 10457K, committed 10880K, reserved 1048576K
}
Event: 7509.668 GC heap before
{Heap before GC invocations=237 (full 1):
 garbage-first heap   total 118784K, used 99424K [0x0000000680000000, 0x0000000800000000)
  region size 4096K, 14 young (57344K), 0 survivors (0K)
 Metaspace       used 85420K, committed 86272K, reserved 1179648K
  class space    used 10585K, committed 11008K, reserved 1048576K
}
Event: 7509.672 GC heap after
{Heap after GC invocations=238 (full 1):
 garbage-first heap   total 118784K, used 48198K [0x0000000680000000, 0x0000000800000000)
  region size 4096K, 2 young (8192K), 2 survivors (8192K)
 Metaspace       used 85420K, committed 86272K, reserved 1179648K
  class space    used 10585K, committed 11008K, reserved 1048576K
}

