# JRE version: OpenJDK Runtime Environment Temurin-21.0.8+9 (21.0.8+9) (build 21.0.8+9-LTS)
# Java VM: OpenJDK 64-Bit Server VM Temurin-21.0.8+9 (21.0.8+9-LTS, mixed mode, sharing, tiered, compressed oops, compressed class ptrs, parallel gc, windows-amd64)
GC Precious Log:
 CardTable entry size: 512
 CPUs: 8 total, 8 available
 Memory: 24575M
 Large Page Support: Disabled
 NUMA Support: Disabled
 Compressed Oops: Enabled (32-bit)
 Alignments: Space 512K, Generation 512K, Heap 2M
 Heap Min Capacity: 100M
 Heap Initial Capacity: 100M
 Heap Max Capacity: 2G
 Pre-touch: Disabled
 Parallel Workers: 8
Heap:
 PSYoungGen      total 3584K, used 3064K [0x00000000d5580000, 0x00000000d5a80000, 0x0000000100000000)
  eden space 2560K, 90% used [0x00000000d5580000,0x00000000d57c4de8,0x00000000d5800000)
  from space 1024K, 72% used [0x00000000d5980000,0x00000000d5a39290,0x00000000d5a80000)
  to   space 1024K, 0% used [0x00000000d5800000,0x00000000d5800000,0x00000000d5900000)
 ParOldGen       total 114176K, used 105282K [0x0000000080000000, 0x0000000086f80000, 0x00000000d5580000)
  object space 114176K, 92% used [0x0000000080000000,0x00000000866d0bc0,0x0000000086f80000)
 Metaspace       used 78431K, committed 80000K, reserved 1179648K
  class space    used 7897K, committed 8640K, reserved 1048576K
GC Heap History (20 events):
Event: 124.242 GC heap before
{Heap before GC invocations=845 (full 4):
 PSYoungGen      total 6656K, used 6624K [0x00000000d5580000, 0x00000000d6180000, 0x0000000100000000)
  eden space 5632K, 100% used [0x00000000d5580000,0x00000000d5b00000,0x00000000d5b00000)
  from space 1024K, 96% used [0x00000000d5d80000,0x00000000d5e78010,0x00000000d5e80000)
  to   space 2560K, 0% used [0x00000000d5b00000,0x00000000d5b00000,0x00000000d5d80000)
 ParOldGen       total 375296K, used 375132K [0x0000000080000000, 0x0000000096e80000, 0x00000000d5580000)
  object space 375296K, 99% used [0x0000000080000000,0x0000000096e57248,0x0000000096e80000)
 Metaspace       used 78290K, committed 79872K, reserved 1179648K
  class space    used 7888K, committed 8640K, reserved 1048576K
}
Event: 124.244 GC heap after
{Heap after GC invocations=845 (full 4):
 PSYoungGen      total 6144K, used 352K [0x00000000d5580000, 0x00000000d5e00000, 0x0000000100000000)
  eden space 5632K, 0% used [0x00000000d5580000,0x00000000d5580000,0x00000000d5b00000)
  from space 512K, 68% used [0x00000000d5b00000,0x00000000d5b58000,0x00000000d5b80000)
  to   space 1024K, 0% used [0x00000000d5d00000,0x00000000d5d00000,0x00000000d5e00000)
 ParOldGen       total 376320K, used 376146K [0x0000000080000000, 0x0000000096f80000, 0x00000000d5580000)
  object space 376320K, 99% used [0x0000000080000000,0x0000000096f54a50,0x0000000096f80000)
 Metaspace       used 78290K, committed 79872K, reserved 1179648K
  class space    used 7888K, committed 8640K, reserved 1048576K
}
Event: 124.285 GC heap before
{Heap before GC invocations=846 (full 4):
 PSYoungGen      total 6144K, used 5983K [0x00000000d5580000, 0x00000000d5e00000, 0x0000000100000000)
  eden space 5632K, 99% used [0x00000000d5580000,0x00000000d5afffe8,0x00000000d5b00000)
  from space 512K, 68% used [0x00000000d5b00000,0x00000000d5b58000,0x00000000d5b80000)
  to   space 1024K, 0% used [0x00000000d5d00000,0x00000000d5d00000,0x00000000d5e00000)
 ParOldGen       total 376320K, used 376146K [0x0000000080000000, 0x0000000096f80000, 0x00000000d5580000)
  object space 376320K, 99% used [0x0000000080000000,0x0000000096f54a50,0x0000000096f80000)
 Metaspace       used 78290K, committed 79872K, reserved 1179648K
  class space    used 7888K, committed 8640K, reserved 1048576K
}
Event: 124.287 GC heap after
{Heap after GC invocations=846 (full 4):
 PSYoungGen      total 6144K, used 992K [0x00000000d5580000, 0x00000000d6000000, 0x0000000100000000)
  eden space 5120K, 0% used [0x00000000d5580000,0x00000000d5580000,0x00000000d5a80000)
  from space 1024K, 96% used [0x00000000d5d00000,0x00000000d5df8010,0x00000000d5e00000)
  to   space 2560K, 0% used [0x00000000d5a80000,0x00000000d5a80000,0x00000000d5d00000)
 ParOldGen       total 377344K, used 376978K [0x0000000080000000, 0x0000000097080000, 0x00000000d5580000)
  object space 377344K, 99% used [0x0000000080000000,0x0000000097024a50,0x0000000097080000)
 Metaspace       used 78290K, committed 79872K, reserved 1179648K
  class space    used 7888K, committed 8640K, reserved 1048576K
}
Event: 125.562 GC heap before
{Heap before GC invocations=847 (full 4):
 PSYoungGen      total 6144K, used 6112K [0x00000000d5580000, 0x00000000d6000000, 0x0000000100000000)
  eden space 5120K, 100% used [0x00000000d5580000,0x00000000d5a80000,0x00000000d5a80000)
  from space 1024K, 96% used [0x00000000d5d00000,0x00000000d5df8010,0x00000000d5e00000)
  to   space 2560K, 0% used [0x00000000d5a80000,0x00000000d5a80000,0x00000000d5d00000)
 ParOldGen       total 377344K, used 376978K [0x0000000080000000, 0x0000000097080000, 0x00000000d5580000)
  object space 377344K, 99% used [0x0000000080000000,0x0000000097024a50,0x0000000097080000)
 Metaspace       used 78290K, committed 79872K, reserved 1179648K
  class space    used 7888K, committed 8640K, reserved 1048576K
}
Event: 125.564 GC heap after
{Heap after GC invocations=847 (full 4):
 PSYoungGen      total 5632K, used 512K [0x00000000d5580000, 0x00000000d5d80000, 0x0000000100000000)
  eden space 5120K, 0% used [0x00000000d5580000,0x00000000d5580000,0x00000000d5a80000)
  from space 512K, 100% used [0x00000000d5a80000,0x00000000d5b00000,0x00000000d5b00000)
  to   space 1024K, 0% used [0x00000000d5c80000,0x00000000d5c80000,0x00000000d5d80000)
 ParOldGen       total 378368K, used 378002K [0x0000000080000000, 0x0000000097180000, 0x00000000d5580000)
  object space 378368K, 99% used [0x0000000080000000,0x0000000097124a60,0x0000000097180000)
 Metaspace       used 78290K, committed 79872K, reserved 1179648K
  class space    used 7888K, committed 8640K, reserved 1048576K
}
Event: 125.579 GC heap before
{Heap before GC invocations=848 (full 4):
 PSYoungGen      total 5632K, used 5632K [0x00000000d5580000, 0x00000000d5d80000, 0x0000000100000000)
  eden space 5120K, 100% used [0x00000000d5580000,0x00000000d5a80000,0x00000000d5a80000)
  from space 512K, 100% used [0x00000000d5a80000,0x00000000d5b00000,0x00000000d5b00000)
  to   space 1024K, 0% used [0x00000000d5c80000,0x00000000d5c80000,0x00000000d5d80000)
 ParOldGen       total 378368K, used 378002K [0x0000000080000000, 0x0000000097180000, 0x00000000d5580000)
  object space 378368K, 99% used [0x0000000080000000,0x0000000097124a60,0x0000000097180000)
 Metaspace       used 78290K, committed 79872K, reserved 1179648K
  class space    used 7888K, committed 8640K, reserved 1048576K
}
Event: 125.584 GC heap after
{Heap after GC invocations=848 (full 4):
 PSYoungGen      total 6144K, used 992K [0x00000000d5580000, 0x00000000d5e80000, 0x0000000100000000)
  eden space 5120K, 0% used [0x00000000d5580000,0x00000000d5580000,0x00000000d5a80000)
  from space 1024K, 96% used [0x00000000d5c80000,0x00000000d5d78010,0x00000000d5d80000)
  to   space 2048K, 0% used [0x00000000d5a80000,0x00000000d5a80000,0x00000000d5c80000)
 ParOldGen       total 378880K, used 378447K [0x0000000080000000, 0x0000000097200000, 0x00000000d5580000)
  object space 378880K, 99% used [0x0000000080000000,0x0000000097193cc0,0x0000000097200000)
 Metaspace       used 78290K, committed 79872K, reserved 1179648K
  class space    used 7888K, committed 8640K, reserved 1048576K
}
Event: 127.088 GC heap before
{Heap before GC invocations=849 (full 4):
 PSYoungGen      total 6144K, used 6112K [0x00000000d5580000, 0x00000000d5e80000, 0x0000000100000000)
  eden space 5120K, 100% used [0x00000000d5580000,0x00000000d5a80000,0x00000000d5a80000)
  from space 1024K, 96% used [0x00000000d5c80000,0x00000000d5d78010,0x00000000d5d80000)
  to   space 2048K, 0% used [0x00000000d5a80000,0x00000000d5a80000,0x00000000d5c80000)
 ParOldGen       total 378880K, used 378447K [0x0000000080000000, 0x0000000097200000, 0x00000000d5580000)
  object space 378880K, 99% used [0x0000000080000000,0x0000000097193cc0,0x0000000097200000)
 Metaspace       used 78367K, committed 79936K, reserved 1179648K
  class space    used 7897K, committed 8640K, reserved 1048576K
}
Event: 127.090 GC heap after
{Heap after GC invocations=849 (full 4):
 PSYoungGen      total 6656K, used 1120K [0x00000000d5580000, 0x00000000d5d80000, 0x0000000100000000)
  eden space 5120K, 0% used [0x00000000d5580000,0x00000000d5580000,0x00000000d5a80000)
  from space 1536K, 72% used [0x00000000d5a80000,0x00000000d5b98000,0x00000000d5c00000)
  to   space 1536K, 0% used [0x00000000d5c00000,0x00000000d5c00000,0x00000000d5d80000)
 ParOldGen       total 379904K, used 379463K [0x0000000080000000, 0x0000000097300000, 0x00000000d5580000)
  object space 379904K, 99% used [0x0000000080000000,0x0000000097291cd0,0x0000000097300000)
 Metaspace       used 78367K, committed 79936K, reserved 1179648K
  class space    used 7897K, committed 8640K, reserved 1048576K
}
Event: 127.137 GC heap before
{Heap before GC invocations=850 (full 4):
 PSYoungGen      total 6656K, used 6240K [0x00000000d5580000, 0x00000000d5d80000, 0x0000000100000000)
  eden space 5120K, 100% used [0x00000000d5580000,0x00000000d5a80000,0x00000000d5a80000)
  from space 1536K, 72% used [0x00000000d5a80000,0x00000000d5b98000,0x00000000d5c00000)
  to   space 1536K, 0% used [0x00000000d5c00000,0x00000000d5c00000,0x00000000d5d80000)
 ParOldGen       total 379904K, used 379463K [0x0000000080000000, 0x0000000097300000, 0x00000000d5580000)
  object space 379904K, 99% used [0x0000000080000000,0x0000000097291cd0,0x0000000097300000)
 Metaspace       used 78386K, committed 80000K, reserved 1179648K
  class space    used 7897K, committed 8640K, reserved 1048576K
}
Event: 127.139 GC heap after
{Heap after GC invocations=850 (full 4):
 PSYoungGen      total 6656K, used 1330K [0x00000000d5580000, 0x00000000d5d80000, 0x0000000100000000)
  eden space 5120K, 0% used [0x00000000d5580000,0x00000000d5580000,0x00000000d5a80000)
  from space 1536K, 86% used [0x00000000d5c00000,0x00000000d5d4cb10,0x00000000d5d80000)
  to   space 1536K, 0% used [0x00000000d5a80000,0x00000000d5a80000,0x00000000d5c00000)
 ParOldGen       total 380928K, used 380474K [0x0000000080000000, 0x0000000097400000, 0x00000000d5580000)
  object space 380928K, 99% used [0x0000000080000000,0x000000009738eb08,0x0000000097400000)
 Metaspace       used 78386K, committed 80000K, reserved 1179648K
  class space    used 7897K, committed 8640K, reserved 1048576K
}
Event: 127.177 GC heap before
{Heap before GC invocations=851 (full 4):
 PSYoungGen      total 6656K, used 6450K [0x00000000d5580000, 0x00000000d5d80000, 0x0000000100000000)
  eden space 5120K, 100% used [0x00000000d5580000,0x00000000d5a80000,0x00000000d5a80000)
  from space 1536K, 86% used [0x00000000d5c00000,0x00000000d5d4cb10,0x00000000d5d80000)
  to   space 1536K, 0% used [0x00000000d5a80000,0x00000000d5a80000,0x00000000d5c00000)
 ParOldGen       total 380928K, used 380474K [0x0000000080000000, 0x0000000097400000, 0x00000000d5580000)
  object space 380928K, 99% used [0x0000000080000000,0x000000009738eb08,0x0000000097400000)
 Metaspace       used 78413K, committed 80000K, reserved 1179648K
  class space    used 7897K, committed 8640K, reserved 1048576K
}
Event: 127.179 GC heap after
{Heap after GC invocations=851 (full 4):
 PSYoungGen      total 6656K, used 1326K [0x00000000d5580000, 0x00000000d5d80000, 0x0000000100000000)
  eden space 5120K, 0% used [0x00000000d5580000,0x00000000d5580000,0x00000000d5a80000)
  from space 1536K, 86% used [0x00000000d5a80000,0x00000000d5bcb958,0x00000000d5c00000)
  to   space 1536K, 0% used [0x00000000d5c00000,0x00000000d5c00000,0x00000000d5d80000)
 ParOldGen       total 381952K, used 381633K [0x0000000080000000, 0x0000000097500000, 0x00000000d5580000)
  object space 381952K, 99% used [0x0000000080000000,0x00000000974b0640,0x0000000097500000)
 Metaspace       used 78413K, committed 80000K, reserved 1179648K
  class space    used 7897K, committed 8640K, reserved 1048576K
}
Event: 127.228 GC heap before
{Heap before GC invocations=852 (full 4):
 PSYoungGen      total 6656K, used 6446K [0x00000000d5580000, 0x00000000d5d80000, 0x0000000100000000)
  eden space 5120K, 100% used [0x00000000d5580000,0x00000000d5a80000,0x00000000d5a80000)
  from space 1536K, 86% used [0x00000000d5a80000,0x00000000d5bcb958,0x00000000d5c00000)
  to   space 1536K, 0% used [0x00000000d5c00000,0x00000000d5c00000,0x00000000d5d80000)
 ParOldGen       total 381952K, used 381633K [0x0000000080000000, 0x0000000097500000, 0x00000000d5580000)
  object space 381952K, 99% used [0x0000000080000000,0x00000000974b0640,0x0000000097500000)
 Metaspace       used 78431K, committed 80000K, reserved 1179648K
  class space    used 7897K, committed 8640K, reserved 1048576K
}
Event: 127.231 GC heap after
{Heap after GC invocations=852 (full 4):
 PSYoungGen      total 6656K, used 1315K [0x00000000d5580000, 0x00000000d5d80000, 0x0000000100000000)
  eden space 5120K, 0% used [0x00000000d5580000,0x00000000d5580000,0x00000000d5a80000)
  from space 1536K, 85% used [0x00000000d5c00000,0x00000000d5d48fd8,0x00000000d5d80000)
  to   space 1536K, 0% used [0x00000000d5a80000,0x00000000d5a80000,0x00000000d5c00000)
 ParOldGen       total 382976K, used 382759K [0x0000000080000000, 0x0000000097600000, 0x00000000d5580000)
  object space 382976K, 99% used [0x0000000080000000,0x00000000975c9dc0,0x0000000097600000)
 Metaspace       used 78431K, committed 80000K, reserved 1179648K
  class space    used 7897K, committed 8640K, reserved 1048576K
}
Event: 127.311 GC heap before
{Heap before GC invocations=853 (full 4):
 PSYoungGen      total 6656K, used 6435K [0x00000000d5580000, 0x00000000d5d80000, 0x0000000100000000)
  eden space 5120K, 100% used [0x00000000d5580000,0x00000000d5a80000,0x00000000d5a80000)
  from space 1536K, 85% used [0x00000000d5c00000,0x00000000d5d48fd8,0x00000000d5d80000)
  to   space 1536K, 0% used [0x00000000d5a80000,0x00000000d5a80000,0x00000000d5c00000)
 ParOldGen       total 382976K, used 382759K [0x0000000080000000, 0x0000000097600000, 0x00000000d5580000)
  object space 382976K, 99% used [0x0000000080000000,0x00000000975c9dc0,0x0000000097600000)
 Metaspace       used 78431K, committed 80000K, reserved 1179648K
  class space    used 7897K, committed 8640K, reserved 1048576K
}
Event: 127.314 GC heap after
{Heap after GC invocations=853 (full 4):
 PSYoungGen      total 6656K, used 1301K [0x00000000d5580000, 0x00000000d5d80000, 0x0000000100000000)
  eden space 5120K, 0% used [0x00000000d5580000,0x00000000d5580000,0x00000000d5a80000)
  from space 1536K, 84% used [0x00000000d5a80000,0x00000000d5bc5668,0x00000000d5c00000)
  to   space 1536K, 0% used [0x00000000d5c00000,0x00000000d5c00000,0x00000000d5d80000)
 ParOldGen       total 384512K, used 384002K [0x0000000080000000, 0x0000000097780000, 0x00000000d5580000)
  object space 384512K, 99% used [0x0000000080000000,0x0000000097700bc8,0x0000000097780000)
 Metaspace       used 78431K, committed 80000K, reserved 1179648K
  class space    used 7897K, committed 8640K, reserved 1048576K
}
Event: 127.386 GC heap before
{Heap before GC invocations=854 (full 4):
 PSYoungGen      total 6656K, used 6421K [0x00000000d5580000, 0x00000000d5d80000, 0x0000000100000000)
  eden space 5120K, 100% used [0x00000000d5580000,0x00000000d5a80000,0x00000000d5a80000)
  from space 1536K, 84% used [0x00000000d5a80000,0x00000000d5bc5668,0x00000000d5c00000)
  to   space 1536K, 0% used [0x00000000d5c00000,0x00000000d5c00000,0x00000000d5d80000)
 ParOldGen       total 384512K, used 384002K [0x0000000080000000, 0x0000000097780000, 0x00000000d5580000)
  object space 384512K, 99% used [0x0000000080000000,0x0000000097700bc8,0x0000000097780000)
 Metaspace       used 78431K, committed 80000K, reserved 1179648K
  class space    used 7897K, committed 8640K, reserved 1048576K
}
Event: 127.389 GC heap after
{Heap after GC invocations=854 (full 4):
 PSYoungGen      total 6656K, used 1284K [0x00000000d5580000, 0x00000000d5d80000, 0x0000000100000000)
  eden space 5120K, 0% used [0x00000000d5580000,0x00000000d5580000,0x00000000d5a80000)
  from space 1536K, 83% used [0x00000000d5c00000,0x00000000d5d41138,0x00000000d5d80000)
  to   space 1536K, 0% used [0x00000000d5a80000,0x00000000d5a80000,0x00000000d5c00000)
 ParOldGen       total 385536K, used 385164K [0x0000000080000000, 0x0000000097880000, 0x00000000d5580000)
  object space 385536K, 99% used [0x0000000080000000,0x00000000978232b0,0x0000000097880000)
 Metaspace       used 78431K, committed 80000K, reserved 1179648K
  class space    used 7897K, committed 8640K, reserved 1048576K
}

