# JRE version: Java(TM) SE Runtime Environment (17.0.12+8) (build 17.0.12+8-LTS-286)
# Java VM: Java HotSpot(TM) 64-Bit Server VM (17.0.12+8-LTS-286, mixed mode, sharing, tiered, compressed oops, compressed class ptrs, g1 gc, windows-amd64)
GC Precious Log:
 CPUs: 8 total, 8 available
 Memory: 24575M
 Large Page Support: Disabled
 NUMA Support: Disabled
 Compressed Oops: Enabled (Zero based)
 Heap Region Size: 4M
 Heap Min Capacity: 8M
 Heap Initial Capacity: 384M
 Heap Max Capacity: 6G
 Pre-touch: Disabled
 Parallel Workers: 8
 Concurrent Workers: 2
 Concurrent Refinement Workers: 8
 Periodic GC: Disabled
Heap:
 garbage-first heap   total 761856K, used 475219K [0x0000000680000000, 0x0000000800000000)
  region size 4096K, 31 young (126976K), 2 survivors (8192K)
 Metaspace       used 177441K, committed 179840K, reserved 1245184K
  class space    used 18114K, committed 19392K, reserved 1048576K
GC Heap History (20 events):
Event: 4393.803 GC heap before
{Heap before GC invocations=208 (full 20):
 garbage-first heap   total 761856K, used 638323K [0x0000000680000000, 0x0000000800000000)
  region size 4096K, 69 young (282624K), 1 survivors (4096K)
 Metaspace       used 176182K, committed 178496K, reserved 1245184K
  class space    used 17969K, committed 19200K, reserved 1048576K
}
Event: 4393.805 GC heap after
{Heap after GC invocations=209 (full 20):
 garbage-first heap   total 761856K, used 359949K [0x0000000680000000, 0x0000000800000000)
  region size 4096K, 1 young (4096K), 1 survivors (4096K)
 Metaspace       used 176182K, committed 178496K, reserved 1245184K
  class space    used 17969K, committed 19200K, reserved 1048576K
}
Event: 4502.370 GC heap before
{Heap before GC invocations=209 (full 20):
 garbage-first heap   total 761856K, used 642573K [0x0000000680000000, 0x0000000800000000)
  region size 4096K, 70 young (286720K), 1 survivors (4096K)
 Metaspace       used 176182K, committed 178496K, reserved 1245184K
  class space    used 17969K, committed 19200K, reserved 1048576K
}
Event: 4502.372 GC heap after
{Heap after GC invocations=210 (full 20):
 garbage-first heap   total 761856K, used 359698K [0x0000000680000000, 0x0000000800000000)
  region size 4096K, 1 young (4096K), 1 survivors (4096K)
 Metaspace       used 176182K, committed 178496K, reserved 1245184K
  class space    used 17969K, committed 19200K, reserved 1048576K
}
Event: 4612.154 GC heap before
{Heap before GC invocations=210 (full 20):
 garbage-first heap   total 761856K, used 646418K [0x0000000680000000, 0x0000000800000000)
  region size 4096K, 71 young (290816K), 1 survivors (4096K)
 Metaspace       used 176182K, committed 178496K, reserved 1245184K
  class space    used 17969K, committed 19200K, reserved 1048576K
}
Event: 4612.156 GC heap after
{Heap after GC invocations=211 (full 20):
 garbage-first heap   total 761856K, used 360242K [0x0000000680000000, 0x0000000800000000)
  region size 4096K, 1 young (4096K), 1 survivors (4096K)
 Metaspace       used 176182K, committed 178496K, reserved 1245184K
  class space    used 17969K, committed 19200K, reserved 1048576K
}
Event: 4722.861 GC heap before
{Heap before GC invocations=211 (full 20):
 garbage-first heap   total 761856K, used 646962K [0x0000000680000000, 0x0000000800000000)
  region size 4096K, 71 young (290816K), 1 survivors (4096K)
 Metaspace       used 176182K, committed 178496K, reserved 1245184K
  class space    used 17969K, committed 19200K, reserved 1048576K
}
Event: 4722.863 GC heap after
{Heap after GC invocations=212 (full 20):
 garbage-first heap   total 761856K, used 359758K [0x0000000680000000, 0x0000000800000000)
  region size 4096K, 1 young (4096K), 1 survivors (4096K)
 Metaspace       used 176182K, committed 178496K, reserved 1245184K
  class space    used 17969K, committed 19200K, reserved 1048576K
}
Event: 4834.198 GC heap before
{Heap before GC invocations=212 (full 20):
 garbage-first heap   total 761856K, used 650574K [0x0000000680000000, 0x0000000800000000)
  region size 4096K, 72 young (294912K), 1 survivors (4096K)
 Metaspace       used 176182K, committed 178496K, reserved 1245184K
  class space    used 17969K, committed 19200K, reserved 1048576K
}
Event: 4834.200 GC heap after
{Heap after GC invocations=213 (full 20):
 garbage-first heap   total 761856K, used 359874K [0x0000000680000000, 0x0000000800000000)
  region size 4096K, 1 young (4096K), 1 survivors (4096K)
 Metaspace       used 176182K, committed 178496K, reserved 1245184K
  class space    used 17969K, committed 19200K, reserved 1048576K
}
Event: 4944.684 GC heap before
{Heap before GC invocations=213 (full 20):
 garbage-first heap   total 761856K, used 650690K [0x0000000680000000, 0x0000000800000000)
  region size 4096K, 72 young (294912K), 1 survivors (4096K)
 Metaspace       used 176182K, committed 178496K, reserved 1245184K
  class space    used 17969K, committed 19200K, reserved 1048576K
}
Event: 4944.686 GC heap after
{Heap after GC invocations=214 (full 20):
 garbage-first heap   total 761856K, used 359633K [0x0000000680000000, 0x0000000800000000)
  region size 4096K, 1 young (4096K), 1 survivors (4096K)
 Metaspace       used 176182K, committed 178496K, reserved 1245184K
  class space    used 17969K, committed 19200K, reserved 1048576K
}
Event: 5057.855 GC heap before
{Heap before GC invocations=214 (full 20):
 garbage-first heap   total 761856K, used 654545K [0x0000000680000000, 0x0000000800000000)
  region size 4096K, 73 young (299008K), 1 survivors (4096K)
 Metaspace       used 176182K, committed 178496K, reserved 1245184K
  class space    used 17969K, committed 19200K, reserved 1048576K
}
Event: 5057.858 GC heap after
{Heap after GC invocations=215 (full 20):
 garbage-first heap   total 761856K, used 359788K [0x0000000680000000, 0x0000000800000000)
  region size 4096K, 1 young (4096K), 1 survivors (4096K)
 Metaspace       used 176182K, committed 178496K, reserved 1245184K
  class space    used 17969K, committed 19200K, reserved 1048576K
}
Event: 5172.347 GC heap before
{Heap before GC invocations=215 (full 20):
 garbage-first heap   total 761856K, used 654700K [0x0000000680000000, 0x0000000800000000)
  region size 4096K, 73 young (299008K), 1 survivors (4096K)
 Metaspace       used 176182K, committed 178496K, reserved 1245184K
  class space    used 17969K, committed 19200K, reserved 1048576K
}
Event: 5172.350 GC heap after
{Heap after GC invocations=216 (full 20):
 garbage-first heap   total 761856K, used 360125K [0x0000000680000000, 0x0000000800000000)
  region size 4096K, 1 young (4096K), 1 survivors (4096K)
 Metaspace       used 176182K, committed 178496K, reserved 1245184K
  class space    used 17969K, committed 19200K, reserved 1048576K
}
Event: 5261.648 GC heap before
{Heap before GC invocations=216 (full 20):
 garbage-first heap   total 761856K, used 650941K [0x0000000680000000, 0x0000000800000000)
  region size 4096K, 73 young (299008K), 1 survivors (4096K)
 Metaspace       used 177441K, committed 179840K, reserved 1245184K
  class space    used 18114K, committed 19392K, reserved 1048576K
}
Event: 5261.650 GC heap after
{Heap after GC invocations=217 (full 20):
 garbage-first heap   total 761856K, used 360633K [0x0000000680000000, 0x0000000800000000)
  region size 4096K, 2 young (8192K), 2 survivors (8192K)
 Metaspace       used 177441K, committed 179840K, reserved 1245184K
  class space    used 18114K, committed 19392K, reserved 1048576K
}
Event: 5373.859 GC heap before
{Heap before GC invocations=217 (full 20):
 garbage-first heap   total 761856K, used 651449K [0x0000000680000000, 0x0000000800000000)
  region size 4096K, 73 young (299008K), 2 survivors (8192K)
 Metaspace       used 177441K, committed 179840K, reserved 1245184K
  class space    used 18114K, committed 19392K, reserved 1048576K
}
Event: 5373.862 GC heap after
{Heap after GC invocations=218 (full 20):
 garbage-first heap   total 761856K, used 360531K [0x0000000680000000, 0x0000000800000000)
  region size 4096K, 2 young (8192K), 2 survivors (8192K)
 Metaspace       used 177441K, committed 179840K, reserved 1245184K
  class space    used 18114K, committed 19392K, reserved 1048576K
}

