# JRE version: OpenJDK Runtime Environment Temurin-21.0.8+9 (21.0.8+9) (build 21.0.8+9-LTS)
# Java VM: OpenJDK 64-Bit Server VM Temurin-21.0.8+9 (21.0.8+9-LTS, mixed mode, sharing, tiered, compressed oops, compressed class ptrs, parallel gc, windows-amd64)
GC Precious Log:
 CardTable entry size: 512
 CPUs: 8 total, 8 available
 Memory: 24575M
 Large Page Support: Disabled
 NUMA Support: Disabled
 Compressed Oops: Enabled (32-bit)
 Alignments: Space 512K, Generation 512K, Heap 2M
 Heap Min Capacity: 100M
 Heap Initial Capacity: 100M
 Heap Max Capacity: 2G
 Pre-touch: Disabled
 Parallel Workers: 8
Heap:
 PSYoungGen      total 4096K, used 1202K [0x00000000d5580000, 0x00000000d5a80000, 0x0000000100000000)
  eden space 3584K, 28% used [0x00000000d5580000,0x00000000d567c9b0,0x00000000d5900000)
  from space 512K, 37% used [0x00000000d5a00000,0x00000000d5a30000,0x00000000d5a80000)
  to   space 512K, 0% used [0x00000000d5980000,0x00000000d5980000,0x00000000d5a00000)
 ParOldGen       total 644608K, used 434299K [0x0000000080000000, 0x00000000a7580000, 0x00000000d5580000)
  object space 644608K, 67% used [0x0000000080000000,0x000000009a81ef40,0x00000000a7580000)
 Metaspace       used 86059K, committed 87872K, reserved 1179648K
  class space    used 8894K, committed 9728K, reserved 1048576K
GC Heap History (20 events):
Event: 120.775 GC heap before
{Heap before GC invocations=2041 (full 4):
 PSYoungGen      total 4608K, used 4448K [0x00000000d5580000, 0x00000000d5b00000, 0x0000000100000000)
  eden space 3584K, 100% used [0x00000000d5580000,0x00000000d5900000,0x00000000d5900000)
  from space 1024K, 84% used [0x00000000d5a00000,0x00000000d5ad8000,0x00000000d5b00000)
  to   space 1024K, 0% used [0x00000000d5900000,0x00000000d5900000,0x00000000d5a00000)
 ParOldGen       total 644608K, used 429948K [0x0000000080000000, 0x00000000a7580000, 0x00000000d5580000)
  object space 644608K, 66% used [0x0000000080000000,0x000000009a3df3b0,0x00000000a7580000)
 Metaspace       used 85692K, committed 87488K, reserved 1179648K
  class space    used 8867K, committed 9728K, reserved 1048576K
}
Event: 120.778 GC heap after
{Heap after GC invocations=2041 (full 4):
 PSYoungGen      total 4608K, used 821K [0x00000000d5580000, 0x00000000d5b00000, 0x0000000100000000)
  eden space 3584K, 0% used [0x00000000d5580000,0x00000000d5580000,0x00000000d5900000)
  from space 1024K, 80% used [0x00000000d5900000,0x00000000d59cd7f0,0x00000000d5a00000)
  to   space 1024K, 0% used [0x00000000d5a00000,0x00000000d5a00000,0x00000000d5b00000)
 ParOldGen       total 644608K, used 430489K [0x0000000080000000, 0x00000000a7580000, 0x00000000d5580000)
  object space 644608K, 66% used [0x0000000080000000,0x000000009a4665c0,0x00000000a7580000)
 Metaspace       used 85692K, committed 87488K, reserved 1179648K
  class space    used 8867K, committed 9728K, reserved 1048576K
}
Event: 120.782 GC heap before
{Heap before GC invocations=2042 (full 4):
 PSYoungGen      total 4608K, used 4405K [0x00000000d5580000, 0x00000000d5b00000, 0x0000000100000000)
  eden space 3584K, 100% used [0x00000000d5580000,0x00000000d5900000,0x00000000d5900000)
  from space 1024K, 80% used [0x00000000d5900000,0x00000000d59cd7f0,0x00000000d5a00000)
  to   space 1024K, 0% used [0x00000000d5a00000,0x00000000d5a00000,0x00000000d5b00000)
 ParOldGen       total 644608K, used 430489K [0x0000000080000000, 0x00000000a7580000, 0x00000000d5580000)
  object space 644608K, 66% used [0x0000000080000000,0x000000009a4665c0,0x00000000a7580000)
 Metaspace       used 85692K, committed 87488K, reserved 1179648K
  class space    used 8867K, committed 9728K, reserved 1048576K
}
Event: 120.784 GC heap after
{Heap after GC invocations=2042 (full 4):
 PSYoungGen      total 4096K, used 224K [0x00000000d5580000, 0x00000000d5a80000, 0x0000000100000000)
  eden space 3584K, 0% used [0x00000000d5580000,0x00000000d5580000,0x00000000d5900000)
  from space 512K, 43% used [0x00000000d5a00000,0x00000000d5a38000,0x00000000d5a80000)
  to   space 512K, 0% used [0x00000000d5980000,0x00000000d5980000,0x00000000d5a00000)
 ParOldGen       total 644608K, used 431224K [0x0000000080000000, 0x00000000a7580000, 0x00000000d5580000)
  object space 644608K, 66% used [0x0000000080000000,0x000000009a51e008,0x00000000a7580000)
 Metaspace       used 85692K, committed 87488K, reserved 1179648K
  class space    used 8867K, committed 9728K, reserved 1048576K
}
Event: 120.804 GC heap before
{Heap before GC invocations=2043 (full 4):
 PSYoungGen      total 4096K, used 3808K [0x00000000d5580000, 0x00000000d5a80000, 0x0000000100000000)
  eden space 3584K, 100% used [0x00000000d5580000,0x00000000d5900000,0x00000000d5900000)
  from space 512K, 43% used [0x00000000d5a00000,0x00000000d5a38000,0x00000000d5a80000)
  to   space 512K, 0% used [0x00000000d5980000,0x00000000d5980000,0x00000000d5a00000)
 ParOldGen       total 644608K, used 431224K [0x0000000080000000, 0x00000000a7580000, 0x00000000d5580000)
  object space 644608K, 66% used [0x0000000080000000,0x000000009a51e008,0x00000000a7580000)
 Metaspace       used 85692K, committed 87488K, reserved 1179648K
  class space    used 8867K, committed 9728K, reserved 1048576K
}
Event: 120.806 GC heap after
{Heap after GC invocations=2043 (full 4):
 PSYoungGen      total 4096K, used 480K [0x00000000d5580000, 0x00000000d5b00000, 0x0000000100000000)
  eden space 3584K, 0% used [0x00000000d5580000,0x00000000d5580000,0x00000000d5900000)
  from space 512K, 93% used [0x00000000d5980000,0x00000000d59f8010,0x00000000d5a00000)
  to   space 1024K, 0% used [0x00000000d5a00000,0x00000000d5a00000,0x00000000d5b00000)
 ParOldGen       total 644608K, used 431416K [0x0000000080000000, 0x00000000a7580000, 0x00000000d5580000)
  object space 644608K, 66% used [0x0000000080000000,0x000000009a54e018,0x00000000a7580000)
 Metaspace       used 85692K, committed 87488K, reserved 1179648K
  class space    used 8867K, committed 9728K, reserved 1048576K
}
Event: 120.848 GC heap before
{Heap before GC invocations=2044 (full 4):
 PSYoungGen      total 4096K, used 4064K [0x00000000d5580000, 0x00000000d5b00000, 0x0000000100000000)
  eden space 3584K, 100% used [0x00000000d5580000,0x00000000d5900000,0x00000000d5900000)
  from space 512K, 93% used [0x00000000d5980000,0x00000000d59f8010,0x00000000d5a00000)
  to   space 1024K, 0% used [0x00000000d5a00000,0x00000000d5a00000,0x00000000d5b00000)
 ParOldGen       total 644608K, used 431416K [0x0000000080000000, 0x00000000a7580000, 0x00000000d5580000)
  object space 644608K, 66% used [0x0000000080000000,0x000000009a54e018,0x00000000a7580000)
 Metaspace       used 85693K, committed 87488K, reserved 1179648K
  class space    used 8867K, committed 9728K, reserved 1048576K
}
Event: 120.849 GC heap after
{Heap after GC invocations=2044 (full 4):
 PSYoungGen      total 4608K, used 576K [0x00000000d5580000, 0x00000000d5b00000, 0x0000000100000000)
  eden space 3584K, 0% used [0x00000000d5580000,0x00000000d5580000,0x00000000d5900000)
  from space 1024K, 56% used [0x00000000d5a00000,0x00000000d5a90000,0x00000000d5b00000)
  to   space 1024K, 0% used [0x00000000d5900000,0x00000000d5900000,0x00000000d5a00000)
 ParOldGen       total 644608K, used 431926K [0x0000000080000000, 0x00000000a7580000, 0x00000000d5580000)
  object space 644608K, 67% used [0x0000000080000000,0x000000009a5cd988,0x00000000a7580000)
 Metaspace       used 85693K, committed 87488K, reserved 1179648K
  class space    used 8867K, committed 9728K, reserved 1048576K
}
Event: 120.865 GC heap before
{Heap before GC invocations=2045 (full 4):
 PSYoungGen      total 4608K, used 4160K [0x00000000d5580000, 0x00000000d5b00000, 0x0000000100000000)
  eden space 3584K, 100% used [0x00000000d5580000,0x00000000d5900000,0x00000000d5900000)
  from space 1024K, 56% used [0x00000000d5a00000,0x00000000d5a90000,0x00000000d5b00000)
  to   space 1024K, 0% used [0x00000000d5900000,0x00000000d5900000,0x00000000d5a00000)
 ParOldGen       total 644608K, used 431926K [0x0000000080000000, 0x00000000a7580000, 0x00000000d5580000)
  object space 644608K, 67% used [0x0000000080000000,0x000000009a5cd988,0x00000000a7580000)
 Metaspace       used 85694K, committed 87488K, reserved 1179648K
  class space    used 8867K, committed 9728K, reserved 1048576K
}
Event: 120.866 GC heap after
{Heap after GC invocations=2045 (full 4):
 PSYoungGen      total 4608K, used 704K [0x00000000d5580000, 0x00000000d5b00000, 0x0000000100000000)
  eden space 3584K, 0% used [0x00000000d5580000,0x00000000d5580000,0x00000000d5900000)
  from space 1024K, 68% used [0x00000000d5900000,0x00000000d59b0000,0x00000000d5a00000)
  to   space 1024K, 0% used [0x00000000d5a00000,0x00000000d5a00000,0x00000000d5b00000)
 ParOldGen       total 644608K, used 432410K [0x0000000080000000, 0x00000000a7580000, 0x00000000d5580000)
  object space 644608K, 67% used [0x0000000080000000,0x000000009a646a80,0x00000000a7580000)
 Metaspace       used 85694K, committed 87488K, reserved 1179648K
  class space    used 8867K, committed 9728K, reserved 1048576K
}
Event: 120.883 GC heap before
{Heap before GC invocations=2046 (full 4):
 PSYoungGen      total 4608K, used 4288K [0x00000000d5580000, 0x00000000d5b00000, 0x0000000100000000)
  eden space 3584K, 100% used [0x00000000d5580000,0x00000000d5900000,0x00000000d5900000)
  from space 1024K, 68% used [0x00000000d5900000,0x00000000d59b0000,0x00000000d5a00000)
  to   space 1024K, 0% used [0x00000000d5a00000,0x00000000d5a00000,0x00000000d5b00000)
 ParOldGen       total 644608K, used 432410K [0x0000000080000000, 0x00000000a7580000, 0x00000000d5580000)
  object space 644608K, 67% used [0x0000000080000000,0x000000009a646a80,0x00000000a7580000)
 Metaspace       used 85696K, committed 87488K, reserved 1179648K
  class space    used 8867K, committed 9728K, reserved 1048576K
}
Event: 120.885 GC heap after
{Heap after GC invocations=2046 (full 4):
 PSYoungGen      total 4608K, used 416K [0x00000000d5580000, 0x00000000d5b00000, 0x0000000100000000)
  eden space 3584K, 0% used [0x00000000d5580000,0x00000000d5580000,0x00000000d5900000)
  from space 1024K, 40% used [0x00000000d5a00000,0x00000000d5a68000,0x00000000d5b00000)
  to   space 1024K, 0% used [0x00000000d5900000,0x00000000d5900000,0x00000000d5a00000)
 ParOldGen       total 644608K, used 432970K [0x0000000080000000, 0x00000000a7580000, 0x00000000d5580000)
  object space 644608K, 67% used [0x0000000080000000,0x000000009a6d2ac0,0x00000000a7580000)
 Metaspace       used 85696K, committed 87488K, reserved 1179648K
  class space    used 8867K, committed 9728K, reserved 1048576K
}
Event: 120.909 GC heap before
{Heap before GC invocations=2047 (full 4):
 PSYoungGen      total 4608K, used 4000K [0x00000000d5580000, 0x00000000d5b00000, 0x0000000100000000)
  eden space 3584K, 100% used [0x00000000d5580000,0x00000000d5900000,0x00000000d5900000)
  from space 1024K, 40% used [0x00000000d5a00000,0x00000000d5a68000,0x00000000d5b00000)
  to   space 1024K, 0% used [0x00000000d5900000,0x00000000d5900000,0x00000000d5a00000)
 ParOldGen       total 644608K, used 432970K [0x0000000080000000, 0x00000000a7580000, 0x00000000d5580000)
  object space 644608K, 67% used [0x0000000080000000,0x000000009a6d2ac0,0x00000000a7580000)
 Metaspace       used 85702K, committed 87488K, reserved 1179648K
  class space    used 8867K, committed 9728K, reserved 1048576K
}
Event: 120.911 GC heap after
{Heap after GC invocations=2047 (full 4):
 PSYoungGen      total 4608K, used 640K [0x00000000d5580000, 0x00000000d5b00000, 0x0000000100000000)
  eden space 3584K, 0% used [0x00000000d5580000,0x00000000d5580000,0x00000000d5900000)
  from space 1024K, 62% used [0x00000000d5900000,0x00000000d59a0000,0x00000000d5a00000)
  to   space 1024K, 0% used [0x00000000d5a00000,0x00000000d5a00000,0x00000000d5b00000)
 ParOldGen       total 644608K, used 433266K [0x0000000080000000, 0x00000000a7580000, 0x00000000d5580000)
  object space 644608K, 67% used [0x0000000080000000,0x000000009a71cb00,0x00000000a7580000)
 Metaspace       used 85702K, committed 87488K, reserved 1179648K
  class space    used 8867K, committed 9728K, reserved 1048576K
}
Event: 120.927 GC heap before
{Heap before GC invocations=2048 (full 4):
 PSYoungGen      total 4608K, used 4224K [0x00000000d5580000, 0x00000000d5b00000, 0x0000000100000000)
  eden space 3584K, 100% used [0x00000000d5580000,0x00000000d5900000,0x00000000d5900000)
  from space 1024K, 62% used [0x00000000d5900000,0x00000000d59a0000,0x00000000d5a00000)
  to   space 1024K, 0% used [0x00000000d5a00000,0x00000000d5a00000,0x00000000d5b00000)
 ParOldGen       total 644608K, used 433266K [0x0000000080000000, 0x00000000a7580000, 0x00000000d5580000)
  object space 644608K, 67% used [0x0000000080000000,0x000000009a71cb00,0x00000000a7580000)
 Metaspace       used 85706K, committed 87488K, reserved 1179648K
  class space    used 8867K, committed 9728K, reserved 1048576K
}
Event: 120.929 GC heap after
{Heap after GC invocations=2048 (full 4):
 PSYoungGen      total 4608K, used 576K [0x00000000d5580000, 0x00000000d5b00000, 0x0000000100000000)
  eden space 3584K, 0% used [0x00000000d5580000,0x00000000d5580000,0x00000000d5900000)
  from space 1024K, 56% used [0x00000000d5a00000,0x00000000d5a90000,0x00000000d5b00000)
  to   space 1024K, 0% used [0x00000000d5900000,0x00000000d5900000,0x00000000d5a00000)
 ParOldGen       total 644608K, used 433754K [0x0000000080000000, 0x00000000a7580000, 0x00000000d5580000)
  object space 644608K, 67% used [0x0000000080000000,0x000000009a796b30,0x00000000a7580000)
 Metaspace       used 85706K, committed 87488K, reserved 1179648K
  class space    used 8867K, committed 9728K, reserved 1048576K
}
Event: 1193.800 GC heap before
{Heap before GC invocations=2049 (full 4):
 PSYoungGen      total 4608K, used 4159K [0x00000000d5580000, 0x00000000d5b00000, 0x0000000100000000)
  eden space 3584K, 99% used [0x00000000d5580000,0x00000000d58ffff8,0x00000000d5900000)
  from space 1024K, 56% used [0x00000000d5a00000,0x00000000d5a90000,0x00000000d5b00000)
  to   space 1024K, 0% used [0x00000000d5900000,0x00000000d5900000,0x00000000d5a00000)
 ParOldGen       total 644608K, used 433754K [0x0000000080000000, 0x00000000a7580000, 0x00000000d5580000)
  object space 644608K, 67% used [0x0000000080000000,0x000000009a796b30,0x00000000a7580000)
 Metaspace       used 86025K, committed 87808K, reserved 1179648K
  class space    used 8894K, committed 9728K, reserved 1048576K
}
Event: 1193.803 GC heap after
{Heap after GC invocations=2049 (full 4):
 PSYoungGen      total 4608K, used 256K [0x00000000d5580000, 0x00000000d5a80000, 0x0000000100000000)
  eden space 3584K, 0% used [0x00000000d5580000,0x00000000d5580000,0x00000000d5900000)
  from space 1024K, 25% used [0x00000000d5900000,0x00000000d5940000,0x00000000d5a00000)
  to   space 512K, 0% used [0x00000000d5a00000,0x00000000d5a00000,0x00000000d5a80000)
 ParOldGen       total 644608K, used 434163K [0x0000000080000000, 0x00000000a7580000, 0x00000000d5580000)
  object space 644608K, 67% used [0x0000000080000000,0x000000009a7fcf40,0x00000000a7580000)
 Metaspace       used 86025K, committed 87808K, reserved 1179648K
  class space    used 8894K, committed 9728K, reserved 1048576K
}
Event: 7747.800 GC heap before
{Heap before GC invocations=2050 (full 4):
 PSYoungGen      total 4608K, used 3840K [0x00000000d5580000, 0x00000000d5a80000, 0x0000000100000000)
  eden space 3584K, 100% used [0x00000000d5580000,0x00000000d5900000,0x00000000d5900000)
  from space 1024K, 25% used [0x00000000d5900000,0x00000000d5940000,0x00000000d5a00000)
  to   space 512K, 0% used [0x00000000d5a00000,0x00000000d5a00000,0x00000000d5a80000)
 ParOldGen       total 644608K, used 434163K [0x0000000080000000, 0x00000000a7580000, 0x00000000d5580000)
  object space 644608K, 67% used [0x0000000080000000,0x000000009a7fcf40,0x00000000a7580000)
 Metaspace       used 86059K, committed 87872K, reserved 1179648K
  class space    used 8894K, committed 9728K, reserved 1048576K
}
Event: 7747.808 GC heap after
{Heap after GC invocations=2050 (full 4):
 PSYoungGen      total 4096K, used 192K [0x00000000d5580000, 0x00000000d5a80000, 0x0000000100000000)
  eden space 3584K, 0% used [0x00000000d5580000,0x00000000d5580000,0x00000000d5900000)
  from space 512K, 37% used [0x00000000d5a00000,0x00000000d5a30000,0x00000000d5a80000)
  to   space 512K, 0% used [0x00000000d5980000,0x00000000d5980000,0x00000000d5a00000)
 ParOldGen       total 644608K, used 434299K [0x0000000080000000, 0x00000000a7580000, 0x00000000d5580000)
  object space 644608K, 67% used [0x0000000080000000,0x000000009a81ef40,0x00000000a7580000)
 Metaspace       used 86059K, committed 87872K, reserved 1179648K
  class space    used 8894K, committed 9728K, reserved 1048576K
}

